<?xml version="1.0" encoding="UTF-8"?>
<!-- Generated by org.testng.reporters.JUnitReportReporter -->
<testsuite hostname="DESKTOP-SVEG4U5" failures="0" tests="1" name="script.SearchTestClass" time="14.242" errors="0" timestamp="26 Apr. 2021 06:14:17 GMT" skipped="0">
  <testcase classname="script.SearchTestClass" name="test_Searchisland" time="14.242"/>
</testsuite> <!-- script.SearchTestClass -->
